<?xml version="1.0" encoding="UTF-8"?>
<!-- Generated by org.testng.reporters.JUnitXMLReporter -->
<testsuite hostname="DESKTOP-A9DN365" ignored="6" name="Default test" tests="1" failures="0" timestamp="26 Aug 2021 03:55:59 GMT" time="34.163" errors="0">
  <testcase name="HandlingWindows" time="26.647" classname="com.testNg.TestNg5"/>
  <testcase name="HandlingFrames" time="0.0" classname="com.testNg.TestNg5">
    <ignored/>
  </testcase> <!-- HandlingFrames -->
  <testcase name="ValidateOrderQty" time="0.0" classname="com.testNg.TestNg5">
    <ignored/>
  </testcase> <!-- ValidateOrderQty -->
  <testcase name="ValidateGmoOnlineLoadedSuccessfully" time="0.0" classname="com.testNg.TestNg5">
    <ignored/>
  </testcase> <!-- ValidateGmoOnlineLoadedSuccessfully -->
  <testcase name="ValidateEnterGMOOnline" time="0.0" classname="com.testNg.TestNg5">
    <ignored/>
  </testcase> <!-- ValidateEnterGMOOnline -->
  <testcase name="ValidateTotalPriceCalculation" time="0.0" classname="com.testNg.TestNg5">
    <ignored/>
  </testcase> <!-- ValidateTotalPriceCalculation -->
  <testcase name="ValidateAlerts" time="0.0" classname="com.testNg.TestNg5">
    <ignored/>
  </testcase> <!-- ValidateAlerts -->
</testsuite> <!-- Default test -->
