<?xml version="1.0" encoding="UTF-8"?>
<!-- Generated by org.testng.reporters.JUnitXMLReporter -->
<testsuite hostname="DESKTOP-A9DN365" ignored="10" name="Default test" tests="1" failures="0" timestamp="30 Aug 2021 04:16:20 GMT" time="9.528" errors="0">
  <testcase name="MouseOperationDragAndDrop" time="4.135" classname="com.testNg.TestNg5"/>
  <testcase name="HandlingFrames" time="0.0" classname="com.testNg.TestNg5">
    <ignored/>
  </testcase> <!-- HandlingFrames -->
  <testcase name="ValidateOrderQty" time="0.0" classname="com.testNg.TestNg5">
    <ignored/>
  </testcase> <!-- ValidateOrderQty -->
  <testcase name="MouseOperationRightClick" time="0.0" classname="com.testNg.TestNg5">
    <ignored/>
  </testcase> <!-- MouseOperationRightClick -->
  <testcase name="ValidateGmoOnlineLoadedSuccessfully" time="0.0" classname="com.testNg.TestNg5">
    <ignored/>
  </testcase> <!-- ValidateGmoOnlineLoadedSuccessfully -->
  <testcase name="HandlingWindows" time="0.0" classname="com.testNg.TestNg5">
    <ignored/>
  </testcase> <!-- HandlingWindows -->
  <testcase name="ValidateEnterGMOOnline" time="0.0" classname="com.testNg.TestNg5">
    <ignored/>
  </testcase> <!-- ValidateEnterGMOOnline -->
  <testcase name="ValidateTotalPriceCalculation" time="0.0" classname="com.testNg.TestNg5">
    <ignored/>
  </testcase> <!-- ValidateTotalPriceCalculation -->
  <testcase name="HandlingWebTable" time="0.0" classname="com.testNg.TestNg5">
    <ignored/>
  </testcase> <!-- HandlingWebTable -->
  <testcase name="ValidateAlerts" time="0.0" classname="com.testNg.TestNg5">
    <ignored/>
  </testcase> <!-- ValidateAlerts -->
  <testcase name="MouseOperationDoubleCLick" time="0.0" classname="com.testNg.TestNg5">
    <ignored/>
  </testcase> <!-- MouseOperationDoubleCLick -->
</testsuite> <!-- Default test -->
