<?xml version="1.0" encoding="UTF-8"?>
<!-- Generated by org.testng.reporters.JUnitXMLReporter -->
<testsuite hostname="DESKTOP-A9DN365" ignored="12" name="Test3" tests="4" failures="2" timestamp="16 Sep 2021 04:10:46 GMT" time="18.051" errors="0">
  <testcase name="ValidateGmoOnlineLoadedSuccessfully" time="0.068" classname="com.testNg.TestNg5">
    <failure type="java.lang.AssertionError" message="expected [OnLine Catalog] but found [Welcome to Green Mountain Outpost]">
      <![CDATA[java.lang.AssertionError: expected [OnLine Catalog] but found [Welcome to Green Mountain Outpost]
at com.testNg.TestNg5.ValidateGmoOnlineLoadedSuccessfully(TestNg5.java:76)
... Removed 31 stack frames]]>
    </failure>
  </testcase> <!-- ValidateGmoOnlineLoadedSuccessfully -->
  <testcase name="ValidateEnterGMOOnline" time="0.647" classname="com.testNg.TestNg5"/>
  <testcase name="ValidateOrderQty" time="0.854" classname="com.testNg.TestNg5"/>
  <testcase name="ValidateAlerts" time="9.912" classname="com.testNg.TestNg5">
    <failure type="java.lang.AssertionError" message="The following asserts failed:
	expected [You selected OK] but found [You selected Cancel]">
      <![CDATA[java.lang.AssertionError: The following asserts failed:
expected [You selected OK] but found [You selected Cancel]
at com.testNg.TestNg5.ValidateAlerts(TestNg5.java:182)
... Removed 26 stack frames]]>
    </failure>
  </testcase> <!-- ValidateAlerts -->
  <testcase name="HandlingFrames" time="0.0" classname="com.testNg.TestNg5">
    <ignored/>
  </testcase> <!-- HandlingFrames -->
  <testcase name="ValidateCalender" time="0.0" classname="com.testNg.TestNg5">
    <ignored/>
  </testcase> <!-- ValidateCalender -->
  <testcase name="MouseOperationRightClick" time="0.0" classname="com.testNg.TestNg5">
    <ignored/>
  </testcase> <!-- MouseOperationRightClick -->
  <testcase name="MouseOperationDragAndDrop" time="0.0" classname="com.testNg.TestNg5">
    <ignored/>
  </testcase> <!-- MouseOperationDragAndDrop -->
  <testcase name="ValidateFileDownload" time="0.0" classname="com.testNg.TestNg5">
    <ignored/>
  </testcase> <!-- ValidateFileDownload -->
  <testcase name="ValidateDataDriven" time="0.0" classname="com.testNg.TestNg5">
    <ignored/>
  </testcase> <!-- ValidateDataDriven -->
  <testcase name="HandlingWindows" time="0.0" classname="com.testNg.TestNg5">
    <ignored/>
  </testcase> <!-- HandlingWindows -->
  <testcase name="ValidateBrokenLinks" time="0.0" classname="com.testNg.TestNg5">
    <ignored/>
  </testcase> <!-- ValidateBrokenLinks -->
  <testcase name="validateFileUpload" time="0.0" classname="com.testNg.TestNg5">
    <ignored/>
  </testcase> <!-- validateFileUpload -->
  <testcase name="ValidateTotalPriceCalculation" time="0.0" classname="com.testNg.TestNg5">
    <ignored/>
  </testcase> <!-- ValidateTotalPriceCalculation -->
  <testcase name="HandlingWebTable" time="0.0" classname="com.testNg.TestNg5">
    <ignored/>
  </testcase> <!-- HandlingWebTable -->
  <testcase name="MouseOperationDoubleCLick" time="0.0" classname="com.testNg.TestNg5">
    <ignored/>
  </testcase> <!-- MouseOperationDoubleCLick -->
</testsuite> <!-- Test3 -->
