<?xml version="1.0" encoding="UTF-8"?>
<!-- Generated by org.testng.reporters.JUnitXMLReporter -->
<testsuite hostname="DESKTOP-A9DN365" ignored="2" name="Test" tests="2" failures="0" timestamp="07 Aug 2021 05:04:21 GMT" time="0.047" errors="0">
  <testcase name="abc" time="0.007" classname="com.testNg.TestNg2"/>
  <testcase name="testCase3" time="0.002" classname="com.testNg.TestNg1"/>
  <testcase name="testCase2" time="0.0" classname="com.testNg.TestNg1">
    <ignored/>
  </testcase> <!-- testCase2 -->
  <testcase name="testCase1" time="0.0" classname="com.testNg.TestNg1">
    <ignored/>
  </testcase> <!-- testCase1 -->
</testsuite> <!-- Test -->
