<?xml version="1.0" encoding="UTF-8"?>
<!-- Generated by org.testng.reporters.JUnitXMLReporter -->
<testsuite hostname="DESKTOP-A9DN365" ignored="3" name="Test2" tests="3" failures="0" timestamp="16 Sep 2021 03:58:39 GMT" time="0.102" errors="0">
  <testcase name="testMethodFive" time="0.034" classname="com.testNGconcepts.TestngGroups"/>
  <testcase name="testMethodThree" time="0.004" classname="com.testNGconcepts.TestngGroups"/>
  <testcase name="testMethodTwo" time="0.005" classname="com.testNGconcepts.TestngGroups"/>
  <testcase name="testMethodsix" time="0.0" classname="com.testNGconcepts.TestngGroups">
    <ignored/>
  </testcase> <!-- testMethodsix -->
  <testcase name="testMethodOne" time="0.0" classname="com.testNGconcepts.TestngGroups">
    <ignored/>
  </testcase> <!-- testMethodOne -->
  <testcase name="testMethodFour" time="0.0" classname="com.testNGconcepts.TestngGroups">
    <ignored/>
  </testcase> <!-- testMethodFour -->
</testsuite> <!-- Test2 -->
