<?xml version="1.0" encoding="UTF-8"?>
<testng-results skipped="0" failed="0" ignored="14" total="15" passed="1">
  <reporter-output>
  </reporter-output>
  <suite name="Default suite" duration-ms="16351" started-at="2021-09-08T04:01:25Z" finished-at="2021-09-08T04:01:42Z">
    <groups>
    </groups>
    <test name="Default test" duration-ms="16351" started-at="2021-09-08T04:01:25Z" finished-at="2021-09-08T04:01:42Z">
      <class name="com.testNg.TestNg5">
        <test-method status="PASS" signature="beforeSuite()[pri:0, instance:com.testNg.TestNg5@4bec1f0c]" name="beforeSuite" is-config="true" duration-ms="17" started-at="2021-09-08T04:01:25Z" finished-at="2021-09-08T04:01:25Z">
          <reporter-output>
          </reporter-output>
        </test-method> <!-- beforeSuite -->
        <test-method status="PASS" signature="beforeTest()[pri:0, instance:com.testNg.TestNg5@4bec1f0c]" name="beforeTest" is-config="true" duration-ms="4822" started-at="2021-09-08T04:01:25Z" finished-at="2021-09-08T04:01:30Z">
          <reporter-output>
          </reporter-output>
        </test-method> <!-- beforeTest -->
        <test-method status="PASS" signature="beforeClass()[pri:0, instance:com.testNg.TestNg5@4bec1f0c]" name="beforeClass" is-config="true" duration-ms="203" started-at="2021-09-08T04:01:30Z" finished-at="2021-09-08T04:01:30Z">
          <reporter-output>
          </reporter-output>
        </test-method> <!-- beforeClass -->
        <test-method status="PASS" signature="beforeMethod()[pri:0, instance:com.testNg.TestNg5@4bec1f0c]" name="beforeMethod" is-config="true" duration-ms="1" started-at="2021-09-08T04:01:30Z" finished-at="2021-09-08T04:01:30Z">
          <reporter-output>
          </reporter-output>
        </test-method> <!-- beforeMethod -->
        <test-method status="PASS" signature="ValidateDataDriven()[pri:14, instance:com.testNg.TestNg5@4bec1f0c]" name="ValidateDataDriven" duration-ms="10888" started-at="2021-09-08T04:01:30Z" finished-at="2021-09-08T04:01:41Z">
          <reporter-output>
          </reporter-output>
        </test-method> <!-- ValidateDataDriven -->
        <test-method status="PASS" signature="afterMethod(org.testng.ITestResult)[pri:0, instance:com.testNg.TestNg5@4bec1f0c]" name="afterMethod" is-config="true" duration-ms="10" started-at="2021-09-08T04:01:41Z" finished-at="2021-09-08T04:01:41Z">
          <params>
            <param index="0">
              <value>
                <![CDATA[[TestResult name=ValidateDataDriven status=SUCCESS method=TestNg5.ValidateDataDriven()[pri:14, instance:com.testNg.TestNg5@4bec1f0c] output={null}]]]>
              </value>
            </param>
          </params>
          <reporter-output>
          </reporter-output>
        </test-method> <!-- afterMethod -->
        <test-method status="PASS" signature="afterClass()[pri:0, instance:com.testNg.TestNg5@4bec1f0c]" name="afterClass" is-config="true" duration-ms="0" started-at="2021-09-08T04:01:41Z" finished-at="2021-09-08T04:01:41Z">
          <reporter-output>
          </reporter-output>
        </test-method> <!-- afterClass -->
        <test-method status="PASS" signature="afterTest()[pri:0, instance:com.testNg.TestNg5@4bec1f0c]" name="afterTest" is-config="true" duration-ms="395" started-at="2021-09-08T04:01:41Z" finished-at="2021-09-08T04:01:42Z">
          <reporter-output>
          </reporter-output>
        </test-method> <!-- afterTest -->
        <test-method status="PASS" signature="afterSuite()[pri:0, instance:com.testNg.TestNg5@4bec1f0c]" name="afterSuite" is-config="true" duration-ms="0" started-at="2021-09-08T04:01:42Z" finished-at="2021-09-08T04:01:42Z">
          <reporter-output>
          </reporter-output>
        </test-method> <!-- afterSuite -->
      </class> <!-- com.testNg.TestNg5 -->
    </test> <!-- Default test -->
  </suite> <!-- Default suite -->
</testng-results>
