<?xml version="1.0" encoding="UTF-8"?>
<testng-results skipped="0" failed="0" ignored="15" total="16" passed="1">
  <reporter-output>
  </reporter-output>
  <suite name="Default suite" duration-ms="10885" started-at="2021-09-14T03:41:07Z" finished-at="2021-09-14T03:41:18Z">
    <groups>
    </groups>
    <test name="Default test" duration-ms="10885" started-at="2021-09-14T03:41:07Z" finished-at="2021-09-14T03:41:18Z">
      <class name="com.testNg.TestNg5">
        <test-method status="PASS" signature="beforeSuite()[pri:0, instance:com.testNg.TestNg5@192b07fd]" name="beforeSuite" is-config="true" duration-ms="15" started-at="2021-09-14T03:41:07Z" finished-at="2021-09-14T03:41:07Z">
          <reporter-output>
          </reporter-output>
        </test-method> <!-- beforeSuite -->
        <test-method status="PASS" signature="beforeTest()[pri:0, instance:com.testNg.TestNg5@192b07fd]" name="beforeTest" is-config="true" duration-ms="4255" started-at="2021-09-14T03:41:07Z" finished-at="2021-09-14T03:41:12Z">
          <reporter-output>
          </reporter-output>
        </test-method> <!-- beforeTest -->
        <test-method status="PASS" signature="beforeClass()[pri:0, instance:com.testNg.TestNg5@192b07fd]" name="beforeClass" is-config="true" duration-ms="170" started-at="2021-09-14T03:41:12Z" finished-at="2021-09-14T03:41:12Z">
          <reporter-output>
          </reporter-output>
        </test-method> <!-- beforeClass -->
        <test-method status="PASS" signature="beforeMethod()[pri:0, instance:com.testNg.TestNg5@192b07fd]" name="beforeMethod" is-config="true" duration-ms="1" started-at="2021-09-14T03:41:12Z" finished-at="2021-09-14T03:41:12Z">
          <reporter-output>
          </reporter-output>
        </test-method> <!-- beforeMethod -->
        <test-method status="PASS" signature="ValidateCalender()[pri:15, instance:com.testNg.TestNg5@192b07fd]" name="ValidateCalender" duration-ms="5795" started-at="2021-09-14T03:41:12Z" finished-at="2021-09-14T03:41:18Z">
          <reporter-output>
          </reporter-output>
        </test-method> <!-- ValidateCalender -->
        <test-method status="PASS" signature="afterMethod(org.testng.ITestResult)[pri:0, instance:com.testNg.TestNg5@192b07fd]" name="afterMethod" is-config="true" duration-ms="35" started-at="2021-09-14T03:41:18Z" finished-at="2021-09-14T03:41:18Z">
          <params>
            <param index="0">
              <value>
                <![CDATA[[TestResult name=ValidateCalender status=SUCCESS method=TestNg5.ValidateCalender()[pri:15, instance:com.testNg.TestNg5@192b07fd] output={null}]]]>
              </value>
            </param>
          </params>
          <reporter-output>
          </reporter-output>
        </test-method> <!-- afterMethod -->
        <test-method status="PASS" signature="afterClass()[pri:0, instance:com.testNg.TestNg5@192b07fd]" name="afterClass" is-config="true" duration-ms="0" started-at="2021-09-14T03:41:18Z" finished-at="2021-09-14T03:41:18Z">
          <reporter-output>
          </reporter-output>
        </test-method> <!-- afterClass -->
        <test-method status="PASS" signature="afterTest()[pri:0, instance:com.testNg.TestNg5@192b07fd]" name="afterTest" is-config="true" duration-ms="590" started-at="2021-09-14T03:41:18Z" finished-at="2021-09-14T03:41:18Z">
          <reporter-output>
          </reporter-output>
        </test-method> <!-- afterTest -->
        <test-method status="PASS" signature="afterSuite()[pri:0, instance:com.testNg.TestNg5@192b07fd]" name="afterSuite" is-config="true" duration-ms="0" started-at="2021-09-14T03:41:18Z" finished-at="2021-09-14T03:41:18Z">
          <reporter-output>
          </reporter-output>
        </test-method> <!-- afterSuite -->
      </class> <!-- com.testNg.TestNg5 -->
    </test> <!-- Default test -->
  </suite> <!-- Default suite -->
</testng-results>
