<?xml version="1.0" encoding="UTF-8"?>
<testng-results skipped="0" failed="0" ignored="0" total="16" passed="16">
  <reporter-output>
  </reporter-output>
  <suite name="Default suite" duration-ms="91939" started-at="2021-09-15T04:08:04Z" finished-at="2021-09-15T04:09:36Z">
    <groups>
    </groups>
    <test name="Default test" duration-ms="91939" started-at="2021-09-15T04:08:04Z" finished-at="2021-09-15T04:09:36Z">
      <class name="com.testNGconcepts.TestNgLoadTesting">
        <test-method status="PASS" signature="test1()[pri:0, instance:com.testNGconcepts.TestNgLoadTesting@239963d8]" name="test1" duration-ms="123" started-at="2021-09-15T04:08:04Z" finished-at="2021-09-15T04:08:04Z">
          <reporter-output>
          </reporter-output>
        </test-method> <!-- test1 -->
        <test-method status="PASS" signature="test1()[pri:0, instance:com.testNGconcepts.TestNgLoadTesting@239963d8]" name="test1" duration-ms="15" started-at="2021-09-15T04:08:04Z" finished-at="2021-09-15T04:08:04Z">
          <reporter-output>
          </reporter-output>
        </test-method> <!-- test1 -->
        <test-method status="PASS" signature="test1()[pri:0, instance:com.testNGconcepts.TestNgLoadTesting@239963d8]" name="test1" duration-ms="8" started-at="2021-09-15T04:08:04Z" finished-at="2021-09-15T04:08:04Z">
          <reporter-output>
          </reporter-output>
        </test-method> <!-- test1 -->
        <test-method status="PASS" signature="test2()[pri:0, instance:com.testNGconcepts.TestNgLoadTesting@239963d8]" name="test2" duration-ms="282" started-at="2021-09-15T04:08:04Z" finished-at="2021-09-15T04:08:05Z">
          <reporter-output>
          </reporter-output>
        </test-method> <!-- test2 -->
        <test-method status="PASS" signature="test2()[pri:0, instance:com.testNGconcepts.TestNgLoadTesting@239963d8]" name="test2" duration-ms="231" started-at="2021-09-15T04:08:04Z" finished-at="2021-09-15T04:08:05Z">
          <reporter-output>
          </reporter-output>
        </test-method> <!-- test2 -->
        <test-method status="PASS" signature="test2()[pri:0, instance:com.testNGconcepts.TestNgLoadTesting@239963d8]" name="test2" duration-ms="245" started-at="2021-09-15T04:08:04Z" finished-at="2021-09-15T04:08:05Z">
          <reporter-output>
          </reporter-output>
        </test-method> <!-- test2 -->
        <test-method status="PASS" signature="testGoogleSearch()[pri:0, instance:com.testNGconcepts.TestNgLoadTesting@239963d8]" name="testGoogleSearch" duration-ms="60697" started-at="2021-09-15T04:08:05Z" finished-at="2021-09-15T04:09:05Z">
          <reporter-output>
          </reporter-output>
        </test-method> <!-- testGoogleSearch -->
        <test-method status="PASS" signature="testGoogleSearch()[pri:0, instance:com.testNGconcepts.TestNgLoadTesting@239963d8]" name="testGoogleSearch" duration-ms="61773" started-at="2021-09-15T04:08:05Z" finished-at="2021-09-15T04:09:07Z">
          <reporter-output>
          </reporter-output>
        </test-method> <!-- testGoogleSearch -->
        <test-method status="PASS" signature="testGoogleSearch()[pri:0, instance:com.testNGconcepts.TestNgLoadTesting@239963d8]" name="testGoogleSearch" duration-ms="59433" started-at="2021-09-15T04:08:05Z" finished-at="2021-09-15T04:09:04Z">
          <reporter-output>
          </reporter-output>
        </test-method> <!-- testGoogleSearch -->
        <test-method status="PASS" signature="testGoogleSearch()[pri:0, instance:com.testNGconcepts.TestNgLoadTesting@239963d8]" name="testGoogleSearch" duration-ms="60639" started-at="2021-09-15T04:08:05Z" finished-at="2021-09-15T04:09:05Z">
          <reporter-output>
          </reporter-output>
        </test-method> <!-- testGoogleSearch -->
        <test-method status="PASS" signature="testGoogleSearch()[pri:0, instance:com.testNGconcepts.TestNgLoadTesting@239963d8]" name="testGoogleSearch" duration-ms="61021" started-at="2021-09-15T04:08:05Z" finished-at="2021-09-15T04:09:06Z">
          <reporter-output>
          </reporter-output>
        </test-method> <!-- testGoogleSearch -->
        <test-method status="PASS" signature="testGoogleSearch()[pri:0, instance:com.testNGconcepts.TestNgLoadTesting@239963d8]" name="testGoogleSearch" duration-ms="31541" started-at="2021-09-15T04:09:04Z" finished-at="2021-09-15T04:09:36Z">
          <reporter-output>
          </reporter-output>
        </test-method> <!-- testGoogleSearch -->
        <test-method status="PASS" signature="testGoogleSearch()[pri:0, instance:com.testNGconcepts.TestNgLoadTesting@239963d8]" name="testGoogleSearch" duration-ms="22525" started-at="2021-09-15T04:09:05Z" finished-at="2021-09-15T04:09:28Z">
          <reporter-output>
          </reporter-output>
        </test-method> <!-- testGoogleSearch -->
        <test-method status="PASS" signature="testGoogleSearch()[pri:0, instance:com.testNGconcepts.TestNgLoadTesting@239963d8]" name="testGoogleSearch" duration-ms="19053" started-at="2021-09-15T04:09:06Z" finished-at="2021-09-15T04:09:25Z">
          <reporter-output>
          </reporter-output>
        </test-method> <!-- testGoogleSearch -->
        <test-method status="PASS" signature="testGoogleSearch()[pri:0, instance:com.testNGconcepts.TestNgLoadTesting@239963d8]" name="testGoogleSearch" duration-ms="22583" started-at="2021-09-15T04:09:06Z" finished-at="2021-09-15T04:09:28Z">
          <reporter-output>
          </reporter-output>
        </test-method> <!-- testGoogleSearch -->
        <test-method status="PASS" signature="testGoogleSearch()[pri:0, instance:com.testNGconcepts.TestNgLoadTesting@239963d8]" name="testGoogleSearch" duration-ms="23186" started-at="2021-09-15T04:09:07Z" finished-at="2021-09-15T04:09:30Z">
          <reporter-output>
          </reporter-output>
        </test-method> <!-- testGoogleSearch -->
      </class> <!-- com.testNGconcepts.TestNgLoadTesting -->
    </test> <!-- Default test -->
  </suite> <!-- Default suite -->
</testng-results>
