<?xml version="1.0" encoding="UTF-8"?>
<testng-results skipped="0" failed="0" ignored="14" total="15" passed="1">
  <reporter-output>
  </reporter-output>
  <suite name="Default suite" duration-ms="92933" started-at="2021-09-09T04:32:24Z" finished-at="2021-09-09T04:33:57Z">
    <groups>
    </groups>
    <test name="Default test" duration-ms="92933" started-at="2021-09-09T04:32:24Z" finished-at="2021-09-09T04:33:57Z">
      <class name="com.testNg.TestNg5">
        <test-method status="PASS" signature="beforeSuite()[pri:0, instance:com.testNg.TestNg5@4bec1f0c]" name="beforeSuite" is-config="true" duration-ms="18" started-at="2021-09-09T04:32:24Z" finished-at="2021-09-09T04:32:24Z">
          <reporter-output>
          </reporter-output>
        </test-method> <!-- beforeSuite -->
        <test-method status="PASS" signature="beforeTest()[pri:0, instance:com.testNg.TestNg5@4bec1f0c]" name="beforeTest" is-config="true" duration-ms="4013" started-at="2021-09-09T04:32:24Z" finished-at="2021-09-09T04:32:28Z">
          <reporter-output>
          </reporter-output>
        </test-method> <!-- beforeTest -->
        <test-method status="PASS" signature="beforeClass()[pri:0, instance:com.testNg.TestNg5@4bec1f0c]" name="beforeClass" is-config="true" duration-ms="213" started-at="2021-09-09T04:32:28Z" finished-at="2021-09-09T04:32:28Z">
          <reporter-output>
          </reporter-output>
        </test-method> <!-- beforeClass -->
        <test-method status="PASS" signature="beforeMethod()[pri:0, instance:com.testNg.TestNg5@4bec1f0c]" name="beforeMethod" is-config="true" duration-ms="1" started-at="2021-09-09T04:32:28Z" finished-at="2021-09-09T04:32:28Z">
          <reporter-output>
          </reporter-output>
        </test-method> <!-- beforeMethod -->
        <test-method status="PASS" signature="ValidateDataDriven()[pri:14, instance:com.testNg.TestNg5@4bec1f0c]" name="ValidateDataDriven" duration-ms="88066" started-at="2021-09-09T04:32:28Z" finished-at="2021-09-09T04:33:56Z">
          <reporter-output>
          </reporter-output>
        </test-method> <!-- ValidateDataDriven -->
        <test-method status="PASS" signature="afterMethod(org.testng.ITestResult)[pri:0, instance:com.testNg.TestNg5@4bec1f0c]" name="afterMethod" is-config="true" duration-ms="18" started-at="2021-09-09T04:33:56Z" finished-at="2021-09-09T04:33:56Z">
          <params>
            <param index="0">
              <value>
                <![CDATA[[TestResult name=ValidateDataDriven status=SUCCESS method=TestNg5.ValidateDataDriven()[pri:14, instance:com.testNg.TestNg5@4bec1f0c] output={null}]]]>
              </value>
            </param>
          </params>
          <reporter-output>
          </reporter-output>
        </test-method> <!-- afterMethod -->
        <test-method status="PASS" signature="afterClass()[pri:0, instance:com.testNg.TestNg5@4bec1f0c]" name="afterClass" is-config="true" duration-ms="1" started-at="2021-09-09T04:33:56Z" finished-at="2021-09-09T04:33:56Z">
          <reporter-output>
          </reporter-output>
        </test-method> <!-- afterClass -->
        <test-method status="PASS" signature="afterTest()[pri:0, instance:com.testNg.TestNg5@4bec1f0c]" name="afterTest" is-config="true" duration-ms="584" started-at="2021-09-09T04:33:56Z" finished-at="2021-09-09T04:33:57Z">
          <reporter-output>
          </reporter-output>
        </test-method> <!-- afterTest -->
        <test-method status="PASS" signature="afterSuite()[pri:0, instance:com.testNg.TestNg5@4bec1f0c]" name="afterSuite" is-config="true" duration-ms="0" started-at="2021-09-09T04:33:57Z" finished-at="2021-09-09T04:33:57Z">
          <reporter-output>
          </reporter-output>
        </test-method> <!-- afterSuite -->
      </class> <!-- com.testNg.TestNg5 -->
    </test> <!-- Default test -->
  </suite> <!-- Default suite -->
</testng-results>
