<?xml version="1.0" encoding="UTF-8"?>
<testng-results skipped="0" failed="0" ignored="5" total="6" passed="1">
  <reporter-output>
  </reporter-output>
  <suite name="Default suite" duration-ms="17945" started-at="2021-08-25T03:39:16Z" finished-at="2021-08-25T03:39:34Z">
    <groups>
    </groups>
    <test name="Default test" duration-ms="17945" started-at="2021-08-25T03:39:16Z" finished-at="2021-08-25T03:39:34Z">
      <class name="com.testNg.TestNg4">
        <test-method status="PASS" signature="beforeSuite()[pri:0, instance:com.testNg.TestNg4@464bee09]" name="beforeSuite" is-config="true" duration-ms="28" started-at="2021-08-25T03:39:16Z" finished-at="2021-08-25T03:39:16Z">
          <reporter-output>
          </reporter-output>
        </test-method> <!-- beforeSuite -->
        <test-method status="PASS" signature="beforeTest()[pri:0, instance:com.testNg.TestNg4@464bee09]" name="beforeTest" is-config="true" duration-ms="12082" started-at="2021-08-25T03:39:16Z" finished-at="2021-08-25T03:39:28Z">
          <reporter-output>
          </reporter-output>
        </test-method> <!-- beforeTest -->
        <test-method status="PASS" signature="beforeClass()[pri:0, instance:com.testNg.TestNg4@464bee09]" name="beforeClass" is-config="true" duration-ms="0" started-at="2021-08-25T03:39:28Z" finished-at="2021-08-25T03:39:28Z">
          <reporter-output>
          </reporter-output>
        </test-method> <!-- beforeClass -->
        <test-method status="PASS" signature="beforeMethod()[pri:0, instance:com.testNg.TestNg4@464bee09]" name="beforeMethod" is-config="true" duration-ms="1" started-at="2021-08-25T03:39:28Z" finished-at="2021-08-25T03:39:28Z">
          <reporter-output>
          </reporter-output>
        </test-method> <!-- beforeMethod -->
        <test-method status="PASS" signature="HandlingFrames()[pri:5, instance:com.testNg.TestNg4@464bee09]" name="HandlingFrames" duration-ms="5792" started-at="2021-08-25T03:39:28Z" finished-at="2021-08-25T03:39:34Z">
          <reporter-output>
          </reporter-output>
        </test-method> <!-- HandlingFrames -->
        <test-method status="PASS" signature="afterMethod()[pri:0, instance:com.testNg.TestNg4@464bee09]" name="afterMethod" is-config="true" duration-ms="1" started-at="2021-08-25T03:39:34Z" finished-at="2021-08-25T03:39:34Z">
          <reporter-output>
          </reporter-output>
        </test-method> <!-- afterMethod -->
        <test-method status="PASS" signature="afterClass()[pri:0, instance:com.testNg.TestNg4@464bee09]" name="afterClass" is-config="true" duration-ms="0" started-at="2021-08-25T03:39:34Z" finished-at="2021-08-25T03:39:34Z">
          <reporter-output>
          </reporter-output>
        </test-method> <!-- afterClass -->
        <test-method status="PASS" signature="afterTest()[pri:0, instance:com.testNg.TestNg4@464bee09]" name="afterTest" is-config="true" duration-ms="1" started-at="2021-08-25T03:39:34Z" finished-at="2021-08-25T03:39:34Z">
          <reporter-output>
          </reporter-output>
        </test-method> <!-- afterTest -->
        <test-method status="PASS" signature="afterSuite()[pri:0, instance:com.testNg.TestNg4@464bee09]" name="afterSuite" is-config="true" duration-ms="1" started-at="2021-08-25T03:39:34Z" finished-at="2021-08-25T03:39:34Z">
          <reporter-output>
          </reporter-output>
        </test-method> <!-- afterSuite -->
      </class> <!-- com.testNg.TestNg4 -->
    </test> <!-- Default test -->
  </suite> <!-- Default suite -->
</testng-results>
