<?xml version="1.0" encoding="UTF-8"?>
<testng-results skipped="0" failed="0" ignored="12" total="13" passed="1">
  <reporter-output>
  </reporter-output>
  <suite name="Default suite" duration-ms="17513" started-at="2021-08-31T04:08:37Z" finished-at="2021-08-31T04:08:55Z">
    <groups>
    </groups>
    <test name="Default test" duration-ms="17513" started-at="2021-08-31T04:08:37Z" finished-at="2021-08-31T04:08:55Z">
      <class name="com.testNg.TestNg5">
        <test-method status="PASS" signature="beforeSuite()[pri:0, instance:com.testNg.TestNg5@239963d8]" name="beforeSuite" is-config="true" duration-ms="34" started-at="2021-08-31T04:08:37Z" finished-at="2021-08-31T04:08:37Z">
          <reporter-output>
          </reporter-output>
        </test-method> <!-- beforeSuite -->
        <test-method status="PASS" signature="beforeTest()[pri:0, instance:com.testNg.TestNg5@239963d8]" name="beforeTest" is-config="true" duration-ms="4491" started-at="2021-08-31T04:08:37Z" finished-at="2021-08-31T04:08:42Z">
          <reporter-output>
          </reporter-output>
        </test-method> <!-- beforeTest -->
        <test-method status="PASS" signature="beforeClass()[pri:0, instance:com.testNg.TestNg5@239963d8]" name="beforeClass" is-config="true" duration-ms="0" started-at="2021-08-31T04:08:42Z" finished-at="2021-08-31T04:08:42Z">
          <reporter-output>
          </reporter-output>
        </test-method> <!-- beforeClass -->
        <test-method status="PASS" signature="beforeMethod()[pri:0, instance:com.testNg.TestNg5@239963d8]" name="beforeMethod" is-config="true" duration-ms="1" started-at="2021-08-31T04:08:42Z" finished-at="2021-08-31T04:08:42Z">
          <reporter-output>
          </reporter-output>
        </test-method> <!-- beforeMethod -->
        <test-method status="PASS" signature="ValidateFileDownload()[pri:12, instance:com.testNg.TestNg5@239963d8]" name="ValidateFileDownload" duration-ms="12967" started-at="2021-08-31T04:08:42Z" finished-at="2021-08-31T04:08:55Z">
          <reporter-output>
          </reporter-output>
        </test-method> <!-- ValidateFileDownload -->
        <test-method status="PASS" signature="afterMethod()[pri:0, instance:com.testNg.TestNg5@239963d8]" name="afterMethod" is-config="true" duration-ms="1" started-at="2021-08-31T04:08:55Z" finished-at="2021-08-31T04:08:55Z">
          <reporter-output>
          </reporter-output>
        </test-method> <!-- afterMethod -->
        <test-method status="PASS" signature="afterClass()[pri:0, instance:com.testNg.TestNg5@239963d8]" name="afterClass" is-config="true" duration-ms="0" started-at="2021-08-31T04:08:55Z" finished-at="2021-08-31T04:08:55Z">
          <reporter-output>
          </reporter-output>
        </test-method> <!-- afterClass -->
        <test-method status="PASS" signature="afterTest()[pri:0, instance:com.testNg.TestNg5@239963d8]" name="afterTest" is-config="true" duration-ms="1" started-at="2021-08-31T04:08:55Z" finished-at="2021-08-31T04:08:55Z">
          <reporter-output>
          </reporter-output>
        </test-method> <!-- afterTest -->
        <test-method status="PASS" signature="afterSuite()[pri:0, instance:com.testNg.TestNg5@239963d8]" name="afterSuite" is-config="true" duration-ms="2" started-at="2021-08-31T04:08:55Z" finished-at="2021-08-31T04:08:55Z">
          <reporter-output>
          </reporter-output>
        </test-method> <!-- afterSuite -->
      </class> <!-- com.testNg.TestNg5 -->
    </test> <!-- Default test -->
  </suite> <!-- Default suite -->
</testng-results>
